* using log directory ‘/media/OS/Users/George/Documents/Programacion/rgexf/rgexf.Rcheck’
* using R version 2.13.1 (2011-07-08)
* using platform: x86_64-pc-linux-gnu (64-bit)
* using session charset: UTF-8
* checking for file ‘rgexf/DESCRIPTION’ ... OK
* checking extension type ... Package
* this is package ‘rgexf’ version ‘1.0’
* checking package dependencies ... OK
* checking if this is a source package ... OK
* checking for executable files ... OK
* checking whether package ‘rgexf’ can be installed ... OK
* checking installed package size ... OK
* checking package directory ... OK
* checking for portable file names ... OK
* checking for sufficient/correct file permissions ... OK
* checking DESCRIPTION meta-information ... WARNING
Non-standard license specification:
  GPL >= 2
Standardizable: FALSE
* checking top-level files ... OK
* checking index information ... OK
* checking package subdirectories ... OK
* checking R files for non-ASCII characters ... OK
* checking R files for syntax errors ... OK
* checking whether the package can be loaded ... OK
* checking whether the package can be loaded with stated dependencies ... OK
* checking whether the package can be unloaded cleanly ... OK
* checking for unstated dependencies in R code ... WARNING
'library' or 'require' call not declared from: XML
See the information on DESCRIPTION files in the chapter 'Creating R
packages' of the 'Writing R Extensions' manual.
* checking S3 generic/method consistency ... OK
* checking replacement functions ... OK
* checking foreign function calls ... OK
* checking R code for possible problems ... NOTE
addEdges : <anonymous>: no visible global function definition for
  ‘newXMLNode’
addEdges : <anonymous> : <anonymous>: no visible global function
  definition for ‘newXMLNode’
addNodes : <anonymous>: no visible global function definition for
  ‘newXMLNode’
addNodes : <anonymous>: no visible global function definition for
  ‘xmlAttrs’
addNodes : <anonymous>: no visible global function definition for
  ‘xmlAttrs<-’
addNodes : <anonymous> : <anonymous>: no visible global function
  definition for ‘newXMLNode’
defEdgesAtt: no visible binding for global variable ‘edgesAtt’
defEdgesAtt : <anonymous>: no visible global function definition for
  ‘newXMLNode’
defEdgesAtt : <anonymous>: no visible binding for global variable
  ‘xmlAttLinks’
defEdgesAtt : <anonymous>: no visible binding for global variable
  ‘edgesAtt’
defNodesAtt : <anonymous>: no visible global function definition for
  ‘newXMLNode’
defNodesAtt : <anonymous>: no visible binding for global variable ‘X’
gexf: no visible global function definition for ‘newXMLDoc’
gexf: no visible global function definition for ‘newXMLNode’
gexf: no visible global function definition for ‘xmlAttrs’
gexf: no visible global function definition for ‘newXMLNamespace’
gexf: no visible global function definition for ‘xmlAttrs<-’
gexf: no visible binding for global variable ‘parent’
gexf: no visible global function definition for ‘saveXML’
Found possibly global 'T' or 'F' in the following functions:
  addNodes checkTimes gexf print.gexf
* checking Rd files ... WARNING
prepare_Rd: addNodes.Rd:4-6: Dropping empty section \description
checkRd: (5) addNodes.Rd:0-18: Must have a \description
* checking Rd metadata ... OK
* checking Rd cross-references ... OK
* checking for missing documentation entries ... OK
* checking for code/documentation mismatches ... OK
* checking Rd \usage sections ... NOTE
S3 methods shown with full name in documentation object 'print.gexf':
  print.gexf

The \usage entries for S3 methods should use the \method markup and not
their full name.
See the chapter 'Writing R documentation files' in the 'Writing R
Extensions' manual.
* checking Rd contents ... OK
* checking for unstated dependencies in examples ... OK
* checking examples ... NONE
* checking PDF version of manual ... WARNING
LaTeX errors when creating PDF version.
This typically indicates Rd problems.
* checking PDF version of manual without hyperrefs or index ... ERROR
